#
# There is insufficient memory for the Java Runtime Environment to continue.
# Native memory allocation (mmap) failed to map 536870912 bytes for G1 virtual space
# Possible reasons:
#   The system is out of physical RAM or swap space
#   The process is running with CompressedOops enabled, and the Java Heap may be blocking the growth of the native heap
# Possible solutions:
#   Reduce memory load on the system
#   Increase physical memory or swap space
#   Check if swap backing store is full
#   Decrease Java heap size (-Xmx/-Xms)
#   Decrease number of Java threads
#   Decrease Java thread stack sizes (-Xss)
#   Set larger code cache with -XX:ReservedCodeCacheSize=
#   JVM is running with Zero Based Compressed Oops mode in which the Java heap is
#     placed in the first 32GB address space. The Java Heap base address is the
#     maximum limit for the native heap growth. Please use -XX:HeapBaseMinAddress
#     to set the Java Heap base and to place the Java Heap above 32GB virtual address.
# This output file may be truncated or incomplete.
#
#  Out of Memory Error (os_windows.cpp:3769), pid=29572, tid=26548
#
# JRE version:  (17.0.6+10) (build )
# Java VM: OpenJDK 64-Bit Server VM (17.0.6+10-b829.5, mixed mode, sharing, tiered, compressed oops, compressed class ptrs, g1 gc, windows-amd64)
# No core dump will be written. Minidumps are not enabled by default on client versions of Windows
#

---------------  S U M M A R Y ------------

Command Line: -Dfile.encoding=utf-8 E:\Huawei\Sdk\openharmony\9\toolchains\lib\app_packing_tool.jar --mode hap --force true --lib-path E:\Huawei\project\Link\entry\build\default\intermediates\libs\default --json-path E:\Huawei\project\Link\entry\build\default\intermediates\res\default\module.json --resources-path E:\Huawei\project\Link\entry\build\default\intermediates\res\default\resources --index-path E:\Huawei\project\Link\entry\build\default\intermediates\res\default\resources.index --pack-info-path E:\Huawei\project\Link\entry\build\default\outputs\default\pack.info --out-path E:\Huawei\project\Link\entry\build\default\outputs\default\entry-default-unsigned.hap --ets-path E:\Huawei\project\Link\entry\build\default\intermediates\loader_out\default\ets

Host: 12th Gen Intel(R) Core(TM) i5-12600KF, 16 cores, 31G,  Windows 11 , 64 bit Build 22621 (10.0.22621.4391)
Time: Wed Dec 11 13:21:51 2024  Windows 11 , 64 bit Build 22621 (10.0.22621.4391) elapsed time: 0.011692 seconds (0d 0h 0m 0s)

---------------  T H R E A D  ---------------

Current thread (0x0000025f16734b90):  JavaThread "Unknown thread" [_thread_in_vm, id=26548, stack(0x000000fd13a00000,0x000000fd13b00000)]

Stack: [0x000000fd13a00000,0x000000fd13b00000]
Native frames: (J=compiled Java code, j=interpreted, Vv=VM code, C=native code)
V  [jvm.dll+0x683b4a]
V  [jvm.dll+0x842654]
V  [jvm.dll+0x843dfe]
V  [jvm.dll+0x844463]
V  [jvm.dll+0x249b75]
V  [jvm.dll+0x680a19]
V  [jvm.dll+0x674f0a]
V  [jvm.dll+0x309acb]
V  [jvm.dll+0x310f86]
V  [jvm.dll+0x3608ee]
V  [jvm.dll+0x360b1f]
V  [jvm.dll+0x2dfbf8]
V  [jvm.dll+0x2e0b64]
V  [jvm.dll+0x813f41]
V  [jvm.dll+0x36e6a1]
V  [jvm.dll+0x7f347c]
V  [jvm.dll+0x3f0e8f]
V  [jvm.dll+0x3f29d1]
C  [jli.dll+0x526b]
C  [ucrtbase.dll+0x29333]
C  [KERNEL32.DLL+0x1259d]
C  [ntdll.dll+0x5af38]


---------------  P R O C E S S  ---------------

Threads class SMR info:
_java_thread_list=0x00007ffa6795c058, length=0, elements={
}

Java Threads: ( => current thread )

Other Threads:
  0x0000025f167e3380 GCTaskThread "GC Thread#0" [stack: 0x000000fd13b00000,0x000000fd13c00000] [id=22960]
  0x0000025f167f54a0 ConcurrentGCThread "G1 Main Marker" [stack: 0x000000fd13c00000,0x000000fd13d00000] [id=11608]
  0x0000025f167f5dc0 ConcurrentGCThread "G1 Conc#0" [stack: 0x000000fd13d00000,0x000000fd13e00000] [id=31188]

[error occurred during error reporting (printing all threads), id 0xc0000005, EXCEPTION_ACCESS_VIOLATION (0xc0000005) at pc=0x00007ffa67110797]

VM state: not at safepoint (not fully initialized)

VM Mutex/Monitor currently owned by a thread:  ([mutex/lock_event])
[0x0000025f16730730] Heap_lock - owner thread: 0x0000025f16734b90

Heap address: 0x0000000602c00000, size: 8148 MB, Compressed Oops mode: Zero based, Oop shift amount: 3

CDS archive(s) mapped at: [0x0000000000000000-0x0000000000000000-0x0000000000000000), size 0, SharedBaseAddress: 0x0000000800000000, ArchiveRelocationMode: 0.
Narrow klass base: 0x0000000000000000, Narrow klass shift: 0, Narrow klass range: 0x0

GC Precious Log:
<Empty>

Heap:
 garbage-first heap   total 0K, used 0K [0x0000000602c00000, 0x0000000800000000)
  region size 4096K, 0 young (0K), 0 survivors (0K)

[error occurred during error reporting (printing heap information), id 0xc0000005, EXCEPTION_ACCESS_VIOLATION (0xc0000005) at pc=0x00007ffa674fd939]

GC Heap History (0 events):
No events

Dll operation events (1 events):
Event: 0.006 Loaded shared library E:\Huawei\Deveco_studio\DevEco Studio\jbr\bin\java.dll

Deoptimization events (0 events):
No events

Classes unloaded (0 events):
No events

Classes redefined (0 events):
No events

Internal exceptions (0 events):
No events

VM Operations (0 events):
No events

Events (0 events):
No events


Dynamic libraries:
0x00007ff760690000 - 0x00007ff76069a000 	E:\Huawei\Deveco_studio\DevEco Studio\jbr\bin\java.exe
0x00007ffb04b90000 - 0x00007ffb04da7000 	C:\WINDOWS\SYSTEM32\ntdll.dll
0x00007ffb041e0000 - 0x00007ffb042a4000 	C:\WINDOWS\System32\KERNEL32.DLL
0x00007ffb02040000 - 0x00007ffb023fa000 	C:\WINDOWS\System32\KERNELBASE.dll
0x00007ffb025e0000 - 0x00007ffb026f1000 	C:\WINDOWS\System32\ucrtbase.dll
0x00007ffadfc30000 - 0x00007ffadfc47000 	E:\Huawei\Deveco_studio\DevEco Studio\jbr\bin\jli.dll
0x00007ffadfd50000 - 0x00007ffadfd6b000 	E:\Huawei\Deveco_studio\DevEco Studio\jbr\bin\VCRUNTIME140.dll
0x00007ffb02980000 - 0x00007ffb02b2e000 	C:\WINDOWS\System32\USER32.dll
0x00007ffb01ea0000 - 0x00007ffb01ec6000 	C:\WINDOWS\System32\win32u.dll
0x00007ffaf2320000 - 0x00007ffaf25b2000 	C:\WINDOWS\WinSxS\amd64_microsoft.windows.common-controls_6595b64144ccf1df_6.0.22621.4541_none_2710d1c57384c085\COMCTL32.dll
0x00007ffb04530000 - 0x00007ffb04559000 	C:\WINDOWS\System32\GDI32.dll
0x00007ffb04560000 - 0x00007ffb04607000 	C:\WINDOWS\System32\msvcrt.dll
0x00007ffb02400000 - 0x00007ffb0251b000 	C:\WINDOWS\System32\gdi32full.dll
0x00007ffb02800000 - 0x00007ffb0289a000 	C:\WINDOWS\System32\msvcp_win.dll
0x00007ffb02ed0000 - 0x00007ffb02f01000 	C:\WINDOWS\System32\IMM32.DLL
0x00007ffac5120000 - 0x00007ffac52b8000 	D:\Steam\gameoverlayrenderer64.dll
0x00007ffb04670000 - 0x00007ffb04722000 	C:\WINDOWS\System32\ADVAPI32.dll
0x00007ffb04030000 - 0x00007ffb040d7000 	C:\WINDOWS\System32\sechost.dll
0x00007ffb01e70000 - 0x00007ffb01e98000 	C:\WINDOWS\System32\bcrypt.dll
0x00007ffb047f0000 - 0x00007ffb04904000 	C:\WINDOWS\System32\RPCRT4.dll
0x00007ffb02f10000 - 0x00007ffb030b5000 	C:\WINDOWS\System32\ole32.dll
0x00007ffb02b30000 - 0x00007ffb02ebf000 	C:\WINDOWS\System32\combase.dll
0x00007ffb028a0000 - 0x00007ffb02977000 	C:\WINDOWS\System32\OLEAUT32.dll
0x00007ffb02ec0000 - 0x00007ffb02ec8000 	C:\WINDOWS\System32\PSAPI.DLL
0x00007ffaf0320000 - 0x00007ffaf0354000 	C:\WINDOWS\SYSTEM32\WINMM.dll
0x00007ffb01b60000 - 0x00007ffb01bae000 	C:\WINDOWS\SYSTEM32\CFGMGR32.dll
0x00007ffae3880000 - 0x00007ffae388c000 	E:\Huawei\Deveco_studio\DevEco Studio\jbr\bin\vcruntime140_1.dll
0x00007ffac5e80000 - 0x00007ffac5f0d000 	E:\Huawei\Deveco_studio\DevEco Studio\jbr\bin\msvcp140.dll
0x00007ffa66e20000 - 0x00007ffa67a8d000 	E:\Huawei\Deveco_studio\DevEco Studio\jbr\bin\server\jvm.dll
0x00007ffaf8bf0000 - 0x00007ffaf8bfa000 	C:\WINDOWS\SYSTEM32\VERSION.dll
0x00007ffad9430000 - 0x00007ffad9439000 	C:\WINDOWS\SYSTEM32\WSOCK32.dll
0x00007ffb04160000 - 0x00007ffb041d1000 	C:\WINDOWS\System32\ws2_32.DLL
0x00007ffb00e70000 - 0x00007ffb00e88000 	C:\WINDOWS\SYSTEM32\kernel.appcore.dll
0x00007ffafd530000 - 0x00007ffafd53a000 	E:\Huawei\Deveco_studio\DevEco Studio\jbr\bin\jimage.dll
0x00007ffaef360000 - 0x00007ffaef592000 	C:\WINDOWS\SYSTEM32\DBGHELP.DLL
0x00007ffaf6640000 - 0x00007ffaf6672000 	C:\WINDOWS\SYSTEM32\dbgcore.DLL
0x00007ffb02700000 - 0x00007ffb0277b000 	C:\WINDOWS\System32\bcryptPrimitives.dll
0x00007ffae3b20000 - 0x00007ffae3b45000 	E:\Huawei\Deveco_studio\DevEco Studio\jbr\bin\java.dll

dbghelp: loaded successfully - version: 4.0.5 - missing functions: none
symbol engine: initialized successfully - sym options: 0x614 - pdb path: .;E:\Huawei\Deveco_studio\DevEco Studio\jbr\bin;C:\WINDOWS\SYSTEM32;C:\WINDOWS\WinSxS\amd64_microsoft.windows.common-controls_6595b64144ccf1df_6.0.22621.4541_none_2710d1c57384c085;D:\Steam;E:\Huawei\Deveco_studio\DevEco Studio\jbr\bin\server

VM Arguments:
jvm_args: -Dfile.encoding=utf-8 
java_command: E:\Huawei\Sdk\openharmony\9\toolchains\lib\app_packing_tool.jar --mode hap --force true --lib-path E:\Huawei\project\Link\entry\build\default\intermediates\libs\default --json-path E:\Huawei\project\Link\entry\build\default\intermediates\res\default\module.json --resources-path E:\Huawei\project\Link\entry\build\default\intermediates\res\default\resources --index-path E:\Huawei\project\Link\entry\build\default\intermediates\res\default\resources.index --pack-info-path E:\Huawei\project\Link\entry\build\default\outputs\default\pack.info --out-path E:\Huawei\project\Link\entry\build\default\outputs\default\entry-default-unsigned.hap --ets-path E:\Huawei\project\Link\entry\build\default\intermediates\loader_out\default\ets
java_class_path (initial): E:\Huawei\Sdk\openharmony\9\toolchains\lib\app_packing_tool.jar
Launcher Type: SUN_STANDARD

[Global flags]
     intx CICompilerCount                          = 12                                        {product} {ergonomic}
     uint ConcGCThreads                            = 3                                         {product} {ergonomic}
     uint G1ConcRefinementThreads                  = 13                                        {product} {ergonomic}
   size_t G1HeapRegionSize                         = 4194304                                   {product} {ergonomic}
    uintx GCDrainStackTargetSize                   = 64                                        {product} {ergonomic}
   size_t InitialHeapSize                          = 536870912                                 {product} {ergonomic}
   size_t MarkStackSize                            = 4194304                                   {product} {ergonomic}
   size_t MaxHeapSize                              = 8543797248                                {product} {ergonomic}
   size_t MinHeapDeltaBytes                        = 4194304                                   {product} {ergonomic}
   size_t MinHeapSize                              = 8388608                                   {product} {ergonomic}
    uintx NonNMethodCodeHeapSize                   = 7602480                                {pd product} {ergonomic}
    uintx NonProfiledCodeHeapSize                  = 122027880                              {pd product} {ergonomic}
    uintx ProfiledCodeHeapSize                     = 122027880                              {pd product} {ergonomic}
    uintx ReservedCodeCacheSize                    = 251658240                              {pd product} {ergonomic}
     bool SegmentedCodeCache                       = true                                      {product} {ergonomic}
   size_t SoftMaxHeapSize                          = 8543797248                             {manageable} {ergonomic}
     bool UseCompressedClassPointers               = true                           {product lp64_product} {ergonomic}
     bool UseCompressedOops                        = true                           {product lp64_product} {ergonomic}
     bool UseG1GC                                  = true                                      {product} {ergonomic}
     bool UseLargePagesIndividualAllocation        = false                                  {pd product} {ergonomic}

Logging:
Log output configuration:
 #0: stdout all=warning uptime,level,tags
 #1: stderr all=off uptime,level,tags

Environment Variables:
JAVA_HOME=E:\Oracle Java
CLASSPATH=.\;java_home%\lib\dt.jar;E:\Oracle Java\lib\tools.jar
PATH=E:\Huawei\Deveco_studio\DevEco Studio\jbr\bin;E:/Huawei/nodejs;C:\WINDOWS\system32;C:\WINDOWS;C:\WINDOWS\System32\Wbem;C:\WINDOWS\System32\WindowsPowerShell\v1.0\;C:\WINDOWS\System32\OpenSSH\;D:\Steam;E:\Oracle Java\microsoft-jdk-17\bin;C:\Program Files (x86)\Common Files\Oracle\Java\javapath;C:\Windows\system32;C:\Windows;C:\Windows\System32\Wbem;C:\Windows\System32\WindowsPowerShell\v1.0\;C:\Windows\System32\OpenSSH\;C:\Program Files (x86)\NVIDIA Corporation\PhysX\Common;E:\Git\Git\cmd;C:\Program Files\dotnet\;E:\AI\ffmpeg\ffmpeg-2023-06-27-git-9b6d191a66-full_build\bin;C:\WINDOWS\system32;C:\WINDOWS;C:\WINDOWS\System32\Wbem;C:\WINDOWS\System32\WindowsPowerShell\v1.0\;C:\WINDOWS\System32\OpenSSH\;E:\apache-tomcat-10.1.13\bin;E:\Oracle Java\bin;F:\nodejs\;F:\Deveco-studio\nodejs;C:\Program Files\MySQL\MySQL Server 8.0\bin;C:\Program Files\NVIDIA Corporation\NVIDIA app\NvDLISR;C:\Users\alone\AppData\Local\Programs\Python\Python38\Scripts\;C:\Users\alone\AppData\Local\Programs\Python\Python38\;C:\Users\alone\AppData\Local\Programs\Python\Python311\Scripts\;C:\Users\alone\AppData\Local\Programs\Python\Python311\;C:\Users\alone\AppData\Local\Microsoft\WindowsApps;C:\Users\alone\AppData\Local\Programs\Microsoft VS Code\bin;E:\WebStorm\WebStorm 2023.2\bin;F:\idea\IntelliJ IDEA 2023.1\bin;F:\MinGW\mingw64\bin;C:\Users\alone\AppData\Roaming\npm;%DevEco Studio%;F:\PyCharm\PyCharm 2024.1.2\bin;F:\idea\IntelliJ IDEA Community Edition 2024.2.1\bin;F:\PyCharm\PyCharm Community Edition 2024.2.1\bin;E:\Huawei\nodejs;E:\Huawei\Deveco_studio\DevEco Studio\jbr\bin;C:\WINDOWS\system32;C:\WINDOWS;C:\WINDOWS\System32\Wbem;C:\WINDOWS\System32\WindowsPowerShell\v1.0\;C:\WINDOWS\System32\OpenSSH\;D:\Steam;E:\Oracle Java\microsoft-jdk-17\bin;C:\Program Files (x86)\Common Files\Oracle\Java\javapath;C:\Windows\system32;C:\Windows;C:\Windows\System32\Wbem;C:\Windows\System32\WindowsPowerShell\v1.0\;C:\Windows\System32\OpenSSH\;C:\Program Files (x86)\NVIDIA Corporation\PhysX\Common;E:\Git\Gi
USERNAME=alone
OS=Windows_NT
PROCESSOR_IDENTIFIER=Intel64 Family 6 Model 151 Stepping 2, GenuineIntel
TMP=C:\Users\alone\AppData\Local\Temp
TEMP=C:\Users\alone\AppData\Local\Temp



---------------  S Y S T E M  ---------------

OS:
 Windows 11 , 64 bit Build 22621 (10.0.22621.4391)
OS uptime: 1 days 2:36 hours
Hyper-V role detected

CPU: total 16 (initial active 16) (8 cores per cpu, 2 threads per core) family 6 model 151 stepping 2 microcode 0x32, cx8, cmov, fxsr, ht, mmx, 3dnowpref, sse, sse2, sse3, ssse3, sse4.1, sse4.2, popcnt, lzcnt, tsc, tscinvbit, avx, avx2, aes, erms, clmul, bmi1, bmi2, adx, sha, fma, vzeroupper, clflush, clflushopt, clwb, hv

Memory: 4k page, system-wide physical 32578M (3220M free)
TotalPageFile size 40770M (AvailPageFile size 115M)
current process WorkingSet (physical memory assigned to process): 31M, peak: 31M
current process commit charge ("private bytes"): 73M, peak: 585M

vm_info: OpenJDK 64-Bit Server VM (17.0.6+10-b829.5) for windows-amd64 JRE (17.0.6+10-b829.5), built on 2023-02-24 by "builduser" with MS VC++ 16.10 / 16.11 (VS2019)

END.
